<?xml version="1.0" encoding="UTF-8"?>
<testng-results skipped="0" failed="0" ignored="0" total="2" passed="2">
  <reporter-output>
  </reporter-output>
  <suite name="Default suite" duration-ms="39029" started-at="2018-08-29T10:44:52Z" finished-at="2018-08-29T10:45:31Z">
    <groups>
    </groups>
    <test name="Default test" duration-ms="39029" started-at="2018-08-29T10:44:52Z" finished-at="2018-08-29T10:45:31Z">
      <class name="com.crossover.e2e.GMailTest">
        <test-method status="PASS" signature="setUp()[pri:0, instance:com.crossover.e2e.GMailTest@6121c9d6]" name="setUp" is-config="true" duration-ms="23806" started-at="2018-08-29T10:44:52Z" finished-at="2018-08-29T10:45:16Z">
          <reporter-output>
          </reporter-output>
        </test-method> <!-- setUp -->
        <test-method status="PASS" signature="testSendEmail()[pri:1, instance:com.crossover.e2e.GMailTest@6121c9d6]" name="testSendEmail" duration-ms="12481" started-at="2018-08-29T10:45:16Z" finished-at="2018-08-29T10:45:28Z">
          <reporter-output>
          </reporter-output>
        </test-method> <!-- testSendEmail -->
        <test-method status="PASS" signature="verifyMail()[pri:2, instance:com.crossover.e2e.GMailTest@6121c9d6]" name="verifyMail" duration-ms="1178" started-at="2018-08-29T10:45:29Z" depends-on-methods="com.crossover.e2e.GMailTest.testSendEmail" finished-at="2018-08-29T10:45:30Z">
          <reporter-output>
          </reporter-output>
        </test-method> <!-- verifyMail -->
        <test-method status="PASS" signature="tearDown()[pri:0, instance:com.crossover.e2e.GMailTest@6121c9d6]" name="tearDown" is-config="true" duration-ms="1518" started-at="2018-08-29T10:45:30Z" finished-at="2018-08-29T10:45:31Z">
          <reporter-output>
          </reporter-output>
        </test-method> <!-- tearDown -->
      </class> <!-- com.crossover.e2e.GMailTest -->
    </test> <!-- Default test -->
  </suite> <!-- Default suite -->
</testng-results>
